<?xml version="1.0" encoding="UTF-8"?>
<!-- Generated by org.testng.reporters.JUnitReportReporter -->
<testsuite skipped="0" hostname="joker" name="sampleTest.SampleTEst1" tests="1" failures="0" timestamp="16 Sep 2022 07:44:45 GMT" time="135.628" errors="0">
  <testcase name="logintest" time="135.628" classname="sampleTest.SampleTEst1"/>
</testsuite> <!-- sampleTest.SampleTEst1 -->
